HANDLE_CLOSING" on behalf of "Host="www.googletagmanager.com", Port=443  	[MsgId: MMSG-27397]
HANDLE_CLOSING" on behalf of "Host="www.advantageonlineshopping.com", Port=443  	[MsgId: MMSG-27397]
The main Internet session handle closed successfully  	[MsgId: MMSG-26000]
Vuser 10 (thread 12204), ended OK."	[MsgId: MMSG-10695]
Action.c(109): Notify: Transaction "logout" started.	[MsgId: MMSG-16999]
Action.c(111): web_custom_request("AccountLogoutRequest") started  	[MsgId: MMSG-26355]
Action.c(111): DETECTING_PROXY" on behalf of "URL="https://www.advantageonlineshopping.com/accountservice/ws/AccountLogoutRequest"  	[MsgId: MMSG-27397]
Action.c(111): SENDING_REQUEST" on behalf of "URL="https://www.advantageonlineshopping.com/accountservice/ws/AccountLogoutRequest"  	[MsgId: MMSG-27397]
Action.c(111): REQUEST_SENT" on behalf of "URL="https://www.advantageonlineshopping.com/accountservice/ws/AccountLogoutRequest"  	[MsgId: MMSG-27397]
Action.c(111): RECEIVING_RESPONSE" on behalf of "URL="https://www.advantageonlineshopping.com/accountservice/ws/AccountLogoutRequest"  	[MsgId: MMSG-27397]
Action.c(111): RESPONSE_RECEIVED" on behalf of "URL="https://www.advantageonlineshopping.com/accountservice/ws/AccountLogoutRequest"  	[MsgId: MMSG-27397]
Action.c(111): REQUEST_COMPLETE" on behalf of "URL="https://www.advantageonlineshopping.com/accountservice/ws/AccountLogoutRequest"  	[MsgId: MMSG-27397]
Action.c(111): t=5505256ms: 484-byte request headers for "https://www.advantageonlineshopping.com/accountservice/ws/AccountLogoutRequest" (RelFrameId=1, Internal ID=560)
Action.c(111):     POST /accountservice/ws/AccountLogoutRequest HTTP/1.1\r\n
Action.c(111):     Content-Type: text/xml; charset=UTF-8\r\n
Action.c(111):     Referer: https://www.advantageonlineshopping.com/\r\n
Action.c(111):     User-Agent: Mozilla/5.0 (Windows NT 10.0; Win64; x64) AppleWebKit/537.36 (KHTML, like Geck
Action.c(111):     o) Chrome/114.0.0.0 Safari/537.36\r\n
Action.c(111):     Accept-Encoding: gzip, deflate, br\r\n
Action.c(111):     Accept-Language: ru-RU,ru;q=0.9,en-US;q=0.8,en;q=0.7\r\n
Action.c(111):     Accept: */*\r\n
Action.c(111):     Host: www.advantageonlineshopping.com\r\n
Action.c(111):     Content-Length: 430\r\n
Action.c(111):     Connection: Keep-Alive\r\n
Action.c(111):     Cache-Control: no-cache\r\n
Action.c(111):     \r\n
Action.c(111): t=5505257ms: 430-byte request body for "https://www.advantageonlineshopping.com/accountservice/ws/AccountLogoutRequest" (RelFrameId=1, Internal ID=560)
Action.c(111):     <?xml version="1.0" encoding="UTF-8"?><soap:Envelope xmlns:soap="http://schemas.xmlsoap.or
Action.c(111):     g/soap/envelope/" xmlns:xsi="http://www.w3.org/2001/XMLSchema-instance" xmlns:xsd="http://
Action.c(111):     www.w3.org/2001/XMLSchema"><soap:Body><AccountLogoutRequest xmlns="com.advantage.online.st
Action.c(111):     ore.accountservice"><loginUser>681405280</loginUser><base64Token>Basic c2ZlZmVyZ2VyZzoxMTE
Action.c(111):     xUnI=</base64Token></AccountLogoutRequest></soap:Body></soap:Envelope>
Action.c(111): t=5505257ms: 747-byte response headers for "https://www.advantageonlineshopping.com/accountservice/ws/AccountLogoutRequest" (RelFrameId=1, Internal ID=560)
Action.c(111):     HTTP/1.1 200 \r\n
Action.c(111):     Server: nginx/1.18.0 (Ubuntu)\r\n
Action.c(111):     Date: Mon, 05 Jun 2023 18:26:24 GMT\r\n
Action.c(111):     Content-Type: text/xml;charset=utf-8\r\n
Action.c(111):     Content-Length: 402\r\n
Action.c(111):     Connection: keep-alive\r\n
Action.c(111):     X-Content-Type-Options: nosniff\r\n
Action.c(111):     X-XSS-Protection: 1; mode=block\r\n
Action.c(111):     Cache-Control: no-store\r\n
Action.c(111):     Pragma: no-cache\r\n
Action.c(111):     Expires: 0\r\n
Action.c(111):     X-Frame-Options: DENY\r\n
Action.c(111):     Access-Control-Request-Method: POST, GET, OPTIONS, DELETE\r\n
Action.c(111):     Access-Control-Allow-Methods: POST, GET, OPTIONS, DELETE\r\n
Action.c(111):     Access-Control-Max-Age: 3600\r\n
Action.c(111):     Access-Control-Allow-Headers: Origin, X-Requested-With, Content-Type, Accept, Key, soapact
Action.c(111):     ion\r\n
Action.c(111):     Access-Control-Allow-Origin: *\r\n
Action.c(111):     Accept: text/xml, text/html, image/gif, image/jpeg, *; q=.2, */*; q=.2\r\n
Action.c(111):     SOAPAction: ""\r\n
Action.c(111):     Strict-Transport-Security: max-age=31536000; includeSubDomains; preload\r\n
Action.c(111):     \r\n
Action.c(111): t=5505257ms: 402-byte response body for "https://www.advantageonlineshopping.com/accountservice/ws/AccountLogoutRequest" (RelFrameId=1, Internal ID=560)
Action.c(111):     <SOAP-ENV:Envelope xmlns:SOAP-ENV="http://schemas.xmlsoap.org/soap/envelope/"><SOAP-ENV:He
Action.c(111):     ader/><SOAP-ENV:Body><ns2:AccountLogoutResponse xmlns:ns2="com.advantage.online.store.acco
Action.c(111):     untservice"><ns2:StatusMessage><ns2:success>true</ns2:success><ns2:userId>681405280</ns2:u
Action.c(111):     serId><ns2:reason>Logout Successful</ns2:reason></ns2:StatusMessage></ns2:AccountLogoutRes
Action.c(111):     ponse></SOAP-ENV:Body></SOAP-ENV:Envelope>
Action.c(111): RECEIVING_RESPONSE" on behalf of "URL="https://www.advantageonlineshopping.com/accountservice/ws/AccountLogoutRequest"  	[MsgId: MMSG-27397]
Action.c(111): RESPONSE_RECEIVED" on behalf of "URL="https://www.advantageonlineshopping.com/accountservice/ws/AccountLogoutRequest"  	[MsgId: MMSG-27397]
Action.c(111): HANDLE_CLOSING" on behalf of "URL="https://www.advantageonlineshopping.com/accountservice/ws/AccountLogoutRequest"  	[MsgId: MMSG-27397]
Action.c(111): web_custom_request("AccountLogoutRequest") was successful, 402 body bytes, 747 header bytes  	[MsgId: MMSG-26386]
Action.c(123): Notify: Transaction "logout" ended with a "Pass" status (Duration: 0,4782).	[MsgId: MMSG-16873]
Action.c(125): Notify: Transaction "UC_1_NewUser_Registration" ended with a "Pass" status (Duration: 13,6998 Think Time: 10,0101).	[MsgId: MMSG-16872]
Ending action Action.	[MsgId: MMSG-15918]
Action was aborted.	[MsgId: MMSG-10694]
Ending Vuser...	[MsgId: MMSG-15966]
Starting action vuser_end.	[MsgId: MMSG-15919]
Ending action vuser_end.	[MsgId: MMSG-15918]
Vuser Terminated.	[MsgId: MMSG-15963]
HTML-Mode memory management statistics: Reusable=1, NonReusable=0, CsMemBlockSize=4096, checks disabled  	[MsgId: MMSG-26000]
HANDLE_CLOSING" on behalf of "Host="www.googletagmanager.com", Port=443  	[MsgId: MMSG-27397]
HANDLE_CLOSING" on behalf of "Host="www.advantageonlineshopping.com", Port=443  	[MsgId: MMSG-27397]
The main Internet session handle closed successfully  	[MsgId: MMSG-26000]
Vuser 19 (thread 15628), ended OK."	[MsgId: MMSG-10695]
Action.c(109): Notify: Transaction "logout" started.	[MsgId: MMSG-16999]
Action.c(111): web_custom_request("AccountLogoutRequest") started  	[MsgId: MMSG-26355]
Action.c(111): DETECTING_PROXY" on behalf of "URL="https://www.advantageonlineshopping.com/accountservice/ws/AccountLogoutRequest"  	[MsgId: MMSG-27397]
Action.c(111): SENDING_REQUEST" on behalf of "URL="https://www.advantageonlineshopping.com/accountservice/ws/AccountLogoutRequest"  	[MsgId: MMSG-27397]
Action.c(111): REQUEST_SENT" on behalf of "URL="https://www.advantageonlineshopping.com/accountservice/ws/AccountLogoutRequest"  	[MsgId: MMSG-27397]
Action.c(111): RECEIVING_RESPONSE" on behalf of "URL="https://www.advantageonlineshopping.com/accountservice/ws/AccountLogoutRequest"  	[MsgId: MMSG-27397]
Action.c(111): RESPONSE_RECEIVED" on behalf of "URL="https://www.advantageonlineshopping.com/accountservice/ws/AccountLogoutRequest"  	[MsgId: MMSG-27397]
Action.c(111): REQUEST_COMPLETE" on behalf of "URL="https://www.advantageonlineshopping.com/accountservice/ws/AccountLogoutRequest"  	[MsgId: MMSG-27397]
Action.c(111): t=5506365ms: 484-byte request headers for "https://www.advantageonlineshopping.com/accountservice/ws/AccountLogoutRequest" (RelFrameId=1, Internal ID=2760)
Action.c(111):     POST /accountservice/ws/AccountLogoutRequest HTTP/1.1\r\n
Action.c(111):     Content-Type: text/xml; charset=UTF-8\r\n
Action.c(111):     Referer: https://www.advantageonlineshopping.com/\r\n
Action.c(111):     User-Agent: Mozilla/5.0 (Windows NT 10.0; Win64; x64) AppleWebKit/537.36 (KHTML, like Geck
Action.c(111):     o) Chrome/114.0.0.0 Safari/537.36\r\n
Action.c(111):     Accept-Encoding: gzip, deflate, br\r\n
Action.c(111):     Accept-Language: ru-RU,ru;q=0.9,en-US;q=0.8,en;q=0.7\r\n
Action.c(111):     Accept: */*\r\n
Action.c(111):     Host: www.advantageonlineshopping.com\r\n
Action.c(111):     Content-Length: 430\r\n
Action.c(111):     Connection: Keep-Alive\r\n
Action.c(111):     Cache-Control: no-cache\r\n
Action.c(111):     \r\n
Action.c(111): t=5506365ms: 430-byte request body for "https://www.advantageonlineshopping.com/accountservice/ws/AccountLogoutRequest" (RelFrameId=1, Internal ID=2760)
Action.c(111):     <?xml version="1.0" encoding="UTF-8"?><soap:Envelope xmlns:soap="http://schemas.xmlsoap.or
Action.c(111):     g/soap/envelope/" xmlns:xsi="http://www.w3.org/2001/XMLSchema-instance" xmlns:xsd="http://
Action.c(111):     www.w3.org/2001/XMLSchema"><soap:Body><AccountLogoutRequest xmlns="com.advantage.online.st
Action.c(111):     ore.accountservice"><loginUser>681405280</loginUser><base64Token>Basic c2ZlZmVyZ2VyZzoxMTE
Action.c(111):     xUnI=</base64Token></AccountLogoutRequest></soap:Body></soap:Envelope>
Action.c(111): t=5506365ms: 747-byte response headers for "https://www.advantageonlineshopping.com/accountservice/ws/AccountLogoutRequest" (RelFrameId=1, Internal ID=2760)
Action.c(111):     HTTP/1.1 200 \r\n
Action.c(111):     Server: nginx/1.18.0 (Ubuntu)\r\n
Action.c(111):     Date: Mon, 05 Jun 2023 18:26:25 GMT\r\n
Action.c(111):     Content-Type: text/xml;charset=utf-8\r\n
Action.c(111):     Content-Length: 402\r\n
Action.c(111):     Connection: keep-alive\r\n
Action.c(111):     X-Content-Type-Options: nosniff\r\n
Action.c(111):     X-XSS-Protection: 1; mode=block\r\n
Action.c(111):     Cache-Control: no-store\r\n
Action.c(111):     Pragma: no-cache\r\n
Action.c(111):     Expires: 0\r\n
Action.c(111):     X-Frame-Options: DENY\r\n
Action.c(111):     Access-Control-Request-Method: POST, GET, OPTIONS, DELETE\r\n
Action.c(111):     Access-Control-Allow-Methods: POST, GET, OPTIONS, DELETE\r\n
Action.c(111):     Access-Control-Max-Age: 3600\r\n
Action.c(111):     Access-Control-Allow-Headers: Origin, X-Requested-With, Content-Type, Accept, Key, soapact
Action.c(111):     ion\r\n
Action.c(111):     Access-Control-Allow-Origin: *\r\n
Action.c(111):     Accept: text/xml, text/html, image/gif, image/jpeg, *; q=.2, */*; q=.2\r\n
Action.c(111):     SOAPAction: ""\r\n
Action.c(111):     Strict-Transport-Security: max-age=31536000; includeSubDomains; preload\r\n
Action.c(111):     \r\n
Action.c(111): t=5506366ms: 402-byte response body for "https://www.advantageonlineshopping.com/accountservice/ws/AccountLogoutRequest" (RelFrameId=1, Internal ID=2760)
Action.c(111):     <SOAP-ENV:Envelope xmlns:SOAP-ENV="http://schemas.xmlsoap.org/soap/envelope/"><SOAP-ENV:He
Action.c(111):     ader/><SOAP-ENV:Body><ns2:AccountLogoutResponse xmlns:ns2="com.advantage.online.store.acco
Action.c(111):     untservice"><ns2:StatusMessage><ns2:success>true</ns2:success><ns2:userId>681405280</ns2:u
Action.c(111):     serId><ns2:reason>Logout Successful</ns2:reason></ns2:StatusMessage></ns2:AccountLogoutRes
Action.c(111):     ponse></SOAP-ENV:Body></SOAP-ENV:Envelope>
Action.c(111): RECEIVING_RESPONSE" on behalf of "URL="https://www.advantageonlineshopping.com/accountservice/ws/AccountLogoutRequest"  	[MsgId: MMSG-27397]
Action.c(111): RESPONSE_RECEIVED" on behalf of "URL="https://www.advantageonlineshopping.com/accountservice/ws/AccountLogoutRequest"  	[MsgId: MMSG-27397]
Action.c(111): HANDLE_CLOSING" on behalf of "URL="https://www.advantageonlineshopping.com/accountservice/ws/AccountLogoutRequest"  	[MsgId: MMSG-27397]
Action.c(111): web_custom_request("AccountLogoutRequest") was successful, 402 body bytes, 747 header bytes  	[MsgId: MMSG-26386]
Action.c(123): Notify: Transaction "logout" ended with a "Pass" status (Duration: 0,4633).	[MsgId: MMSG-16873]
Action.c(125): Notify: Transaction "UC_1_NewUser_Registration" ended with a "Pass" status (Duration: 13,5923 Think Time: 10,0115).	[MsgId: MMSG-16872]
Ending action Action.	[MsgId: MMSG-15918]
Action was aborted.	[MsgId: MMSG-10694]
Ending Vuser...	[MsgId: MMSG-15966]
Starting action vuser_end.	[MsgId: MMSG-15919]
Ending action vuser_end.	[MsgId: MMSG-15918]
Vuser Terminated.	[MsgId: MMSG-15963]
HTML-Mode memory management statistics: Reusable=1, NonReusable=0, CsMemBlockSize=4096, checks disabled  	[MsgId: MMSG-26000]
HANDLE_CLOSING" on behalf of "Host="www.googletagmanager.com", Port=443  	[MsgId: MMSG-27397]
HANDLE_CLOSING" on behalf of "Host="www.advantageonlineshopping.com", Port=443  	[MsgId: MMSG-27397]
The main Internet session handle closed successfully  	[MsgId: MMSG-26000]
Vuser 2 (thread 10504), ended OK."	[MsgId: MMSG-10695]
